2023-08-01 09:26:55.697052+00:00 [notice] <0.230.0> Logging: configured log handlers are now ACTIVE
2023-08-01 09:26:55.905205+00:00 [info] <0.230.0> ra: starting system quorum_queues
2023-08-01 09:26:55.905338+00:00 [info] <0.230.0> starting Ra system: quorum_queues in directory: /var/lib/rabbitmq/mnesia/rabbit@5be665455796/quorum/rabbit@5be665455796
2023-08-01 09:26:55.966443+00:00 [info] <0.262.0> ra system 'quorum_queues' running pre init for 0 registered servers
2023-08-01 09:26:55.975351+00:00 [info] <0.263.0> ra: meta data store initialised for system quorum_queues. 0 record(s) recovered
2023-08-01 09:26:55.990496+00:00 [notice] <0.268.0> WAL: ra_log_wal init, open tbls: ra_log_open_mem_tables, closed tbls: ra_log_closed_mem_tables
2023-08-01 09:26:55.999130+00:00 [info] <0.230.0> ra: starting system coordination
2023-08-01 09:26:55.999230+00:00 [info] <0.230.0> starting Ra system: coordination in directory: /var/lib/rabbitmq/mnesia/rabbit@5be665455796/coordination/rabbit@5be665455796
2023-08-01 09:26:56.001608+00:00 [info] <0.275.0> ra system 'coordination' running pre init for 0 registered servers
2023-08-01 09:26:56.003444+00:00 [info] <0.276.0> ra: meta data store initialised for system coordination. 0 record(s) recovered
2023-08-01 09:26:56.003689+00:00 [notice] <0.281.0> WAL: ra_coordination_log_wal init, open tbls: ra_coordination_log_open_mem_tables, closed tbls: ra_coordination_log_closed_mem_tables
2023-08-01 09:26:56.008681+00:00 [info] <0.230.0> 
2023-08-01 09:26:56.008681+00:00 [info] <0.230.0>  Starting RabbitMQ 3.12.2 on Erlang 25.3.2.4 [jit]
2023-08-01 09:26:56.008681+00:00 [info] <0.230.0>  Copyright (c) 2007-2023 VMware, Inc. or its affiliates.
2023-08-01 09:26:56.008681+00:00 [info] <0.230.0>  Licensed under the MPL 2.0. Website: https://rabbitmq.com
2023-08-01 09:26:56.009700+00:00 [info] <0.230.0> 
2023-08-01 09:26:56.009700+00:00 [info] <0.230.0>  node           : rabbit@5be665455796
2023-08-01 09:26:56.009700+00:00 [info] <0.230.0>  home dir       : /var/lib/rabbitmq
2023-08-01 09:26:56.009700+00:00 [info] <0.230.0>  config file(s) : (none)
2023-08-01 09:26:56.009700+00:00 [info] <0.230.0>  cookie hash    : I632BxIeVcljukT8rLir8Q==
2023-08-01 09:26:56.009700+00:00 [info] <0.230.0>  log(s)         : /var/log/rabbitmq/rabbit@5be665455796.log
2023-08-01 09:26:56.009700+00:00 [info] <0.230.0>                 : <stdout>
2023-08-01 09:26:56.009700+00:00 [info] <0.230.0>  data dir       : /var/lib/rabbitmq/mnesia/rabbit@5be665455796
2023-08-01 09:26:58.549504+00:00 [info] <0.230.0> Running boot step pre_boot defined by app rabbit
2023-08-01 09:26:58.549607+00:00 [info] <0.230.0> Running boot step rabbit_global_counters defined by app rabbit
2023-08-01 09:26:58.549985+00:00 [info] <0.230.0> Running boot step rabbit_osiris_metrics defined by app rabbit
2023-08-01 09:26:58.550127+00:00 [info] <0.230.0> Running boot step rabbit_core_metrics defined by app rabbit
2023-08-01 09:26:58.551117+00:00 [info] <0.230.0> Running boot step rabbit_alarm defined by app rabbit
2023-08-01 09:26:58.556178+00:00 [info] <0.299.0> Memory high watermark set to 25718 MiB (26968045977 bytes) of 64296 MiB (67420114944 bytes) total
2023-08-01 09:26:58.560028+00:00 [info] <0.301.0> Enabling free disk space monitoring (disk free space: 14559518720, total memory: 67420114944)
2023-08-01 09:26:58.560118+00:00 [info] <0.301.0> Disk free limit set to 50MB
2023-08-01 09:26:58.562275+00:00 [info] <0.230.0> Running boot step code_server_cache defined by app rabbit
2023-08-01 09:26:58.562498+00:00 [info] <0.230.0> Running boot step file_handle_cache defined by app rabbit
2023-08-01 09:26:58.562799+00:00 [info] <0.304.0> Limiting to approx 1048479 file handles (943629 sockets)
2023-08-01 09:26:58.562966+00:00 [info] <0.305.0> FHC read buffering: OFF
2023-08-01 09:26:58.563006+00:00 [info] <0.305.0> FHC write buffering: ON
2023-08-01 09:26:58.563428+00:00 [info] <0.230.0> Running boot step worker_pool defined by app rabbit
2023-08-01 09:26:58.563533+00:00 [info] <0.283.0> Will use 8 processes for default worker pool
2023-08-01 09:26:58.563578+00:00 [info] <0.283.0> Starting worker pool 'worker_pool' with 8 processes in it
2023-08-01 09:26:58.564089+00:00 [info] <0.230.0> Running boot step database defined by app rabbit
2023-08-01 09:26:58.566048+00:00 [info] <0.230.0> Node database directory at /var/lib/rabbitmq/mnesia/rabbit@5be665455796 is empty. Assuming we need to join an existing cluster or initialise from scratch...
2023-08-01 09:26:58.566133+00:00 [info] <0.230.0> Configured peer discovery backend: rabbit_peer_discovery_classic_config
2023-08-01 09:26:58.566167+00:00 [info] <0.230.0> Will try to lock with peer discovery backend rabbit_peer_discovery_classic_config
2023-08-01 09:26:58.566263+00:00 [info] <0.230.0> All discovered existing cluster peers:
2023-08-01 09:26:58.566292+00:00 [info] <0.230.0> Discovered no peer nodes to cluster with. Some discovery backends can filter nodes out based on a readiness criteria. Enabling debug logging might help troubleshoot.
2023-08-01 09:26:58.568578+00:00 [notice] <0.44.0> Application mnesia exited with reason: stopped
2023-08-01 09:26:58.712743+00:00 [info] <0.230.0> Waiting for Mnesia tables for 30000 ms, 9 retries left
2023-08-01 09:26:58.712966+00:00 [info] <0.230.0> Successfully synced tables from a peer
2023-08-01 09:26:58.713555+00:00 [notice] <0.284.0> Feature flags: attempt to enable `stream_sac_coordinator_unblock_group`...
2023-08-01 09:26:58.744446+00:00 [notice] <0.284.0> Feature flags: `stream_sac_coordinator_unblock_group` enabled
2023-08-01 09:26:58.744621+00:00 [notice] <0.284.0> Feature flags: attempt to enable `restart_streams`...
2023-08-01 09:26:58.776719+00:00 [notice] <0.284.0> Feature flags: `restart_streams` enabled
2023-08-01 09:26:58.777066+00:00 [info] <0.230.0> Waiting for Mnesia tables for 30000 ms, 9 retries left
2023-08-01 09:26:58.777252+00:00 [info] <0.230.0> Successfully synced tables from a peer
2023-08-01 09:26:58.785865+00:00 [info] <0.230.0> Waiting for Mnesia tables for 30000 ms, 9 retries left
2023-08-01 09:26:58.786172+00:00 [info] <0.230.0> Successfully synced tables from a peer
2023-08-01 09:26:58.786211+00:00 [info] <0.230.0> Peer discovery backend rabbit_peer_discovery_classic_config does not support registration, skipping registration.
2023-08-01 09:26:58.786244+00:00 [info] <0.230.0> Will try to unlock with peer discovery backend rabbit_peer_discovery_classic_config
2023-08-01 09:26:58.786493+00:00 [info] <0.230.0> Running boot step tracking_metadata_store defined by app rabbit
2023-08-01 09:26:58.786636+00:00 [info] <0.486.0> Setting up a table for connection tracking on this node: tracked_connection
2023-08-01 09:26:58.786735+00:00 [info] <0.486.0> Setting up a table for per-vhost connection counting on this node: tracked_connection_per_vhost
2023-08-01 09:26:58.786851+00:00 [info] <0.486.0> Setting up a table for per-user connection counting on this node: tracked_connection_per_user
2023-08-01 09:26:58.786920+00:00 [info] <0.486.0> Setting up a table for channel tracking on this node: tracked_channel
2023-08-01 09:26:58.786984+00:00 [info] <0.486.0> Setting up a table for channel tracking on this node: tracked_channel_per_user
2023-08-01 09:26:58.787048+00:00 [info] <0.230.0> Running boot step networking_metadata_store defined by app rabbit
2023-08-01 09:26:58.787160+00:00 [info] <0.230.0> Running boot step feature_flags defined by app rabbit
2023-08-01 09:26:58.787275+00:00 [info] <0.230.0> Running boot step codec_correctness_check defined by app rabbit
2023-08-01 09:26:58.787381+00:00 [info] <0.230.0> Running boot step external_infrastructure defined by app rabbit
2023-08-01 09:26:58.787422+00:00 [info] <0.230.0> Running boot step rabbit_event defined by app rabbit
2023-08-01 09:26:58.787559+00:00 [info] <0.230.0> Running boot step rabbit_registry defined by app rabbit
2023-08-01 09:26:58.787644+00:00 [info] <0.230.0> Running boot step rabbit_auth_mechanism_amqplain defined by app rabbit
2023-08-01 09:26:58.787733+00:00 [info] <0.230.0> Running boot step rabbit_auth_mechanism_cr_demo defined by app rabbit
2023-08-01 09:26:58.787825+00:00 [info] <0.230.0> Running boot step rabbit_auth_mechanism_plain defined by app rabbit
2023-08-01 09:26:58.787900+00:00 [info] <0.230.0> Running boot step rabbit_exchange_type_direct defined by app rabbit
2023-08-01 09:26:58.788005+00:00 [info] <0.230.0> Running boot step rabbit_exchange_type_fanout defined by app rabbit
2023-08-01 09:26:58.788073+00:00 [info] <0.230.0> Running boot step rabbit_exchange_type_headers defined by app rabbit
2023-08-01 09:26:58.788126+00:00 [info] <0.230.0> Running boot step rabbit_exchange_type_topic defined by app rabbit
2023-08-01 09:26:58.788191+00:00 [info] <0.230.0> Running boot step rabbit_mirror_queue_mode_all defined by app rabbit
2023-08-01 09:26:58.788287+00:00 [info] <0.230.0> Running boot step rabbit_mirror_queue_mode_exactly defined by app rabbit
2023-08-01 09:26:58.788417+00:00 [info] <0.230.0> Running boot step rabbit_mirror_queue_mode_nodes defined by app rabbit
2023-08-01 09:26:58.788498+00:00 [info] <0.230.0> Running boot step rabbit_priority_queue defined by app rabbit
2023-08-01 09:26:58.788548+00:00 [info] <0.230.0> Priority queues enabled, real BQ is rabbit_variable_queue
2023-08-01 09:26:58.788647+00:00 [info] <0.230.0> Running boot step rabbit_queue_location_client_local defined by app rabbit
2023-08-01 09:26:58.788763+00:00 [info] <0.230.0> Running boot step rabbit_queue_location_min_masters defined by app rabbit
2023-08-01 09:26:58.788866+00:00 [info] <0.230.0> Running boot step rabbit_queue_location_random defined by app rabbit
2023-08-01 09:26:58.788944+00:00 [info] <0.230.0> Running boot step kernel_ready defined by app rabbit
2023-08-01 09:26:58.788972+00:00 [info] <0.230.0> Running boot step rabbit_sysmon_minder defined by app rabbit
2023-08-01 09:26:58.789074+00:00 [info] <0.230.0> Running boot step rabbit_epmd_monitor defined by app rabbit
2023-08-01 09:26:58.789962+00:00 [info] <0.494.0> epmd monitor knows us, inter-node communication (distribution) port: 25672
2023-08-01 09:26:58.790156+00:00 [info] <0.230.0> Running boot step guid_generator defined by app rabbit
2023-08-01 09:26:58.792870+00:00 [info] <0.230.0> Running boot step rabbit_node_monitor defined by app rabbit
2023-08-01 09:26:58.793185+00:00 [info] <0.498.0> Starting rabbit_node_monitor
2023-08-01 09:26:58.793369+00:00 [info] <0.230.0> Running boot step delegate_sup defined by app rabbit
2023-08-01 09:26:58.793983+00:00 [info] <0.230.0> Running boot step rabbit_memory_monitor defined by app rabbit
2023-08-01 09:26:58.794231+00:00 [info] <0.230.0> Running boot step rabbit_fifo_dlx_sup defined by app rabbit
2023-08-01 09:26:58.794387+00:00 [info] <0.230.0> Running boot step core_initialized defined by app rabbit
2023-08-01 09:26:58.794450+00:00 [info] <0.230.0> Running boot step rabbit_channel_tracking_handler defined by app rabbit
2023-08-01 09:26:58.794499+00:00 [info] <0.230.0> Running boot step rabbit_connection_tracking_handler defined by app rabbit
2023-08-01 09:26:58.794557+00:00 [info] <0.230.0> Running boot step rabbit_definitions_hashing defined by app rabbit
2023-08-01 09:26:58.794658+00:00 [info] <0.230.0> Running boot step rabbit_exchange_parameters defined by app rabbit
2023-08-01 09:26:58.794946+00:00 [info] <0.230.0> Running boot step rabbit_mirror_queue_misc defined by app rabbit
2023-08-01 09:26:58.795299+00:00 [info] <0.230.0> Running boot step rabbit_policies defined by app rabbit
2023-08-01 09:26:58.795602+00:00 [info] <0.230.0> Running boot step rabbit_policy defined by app rabbit
2023-08-01 09:26:58.795670+00:00 [info] <0.230.0> Running boot step rabbit_queue_location_validator defined by app rabbit
2023-08-01 09:26:58.795712+00:00 [info] <0.230.0> Running boot step rabbit_quorum_memory_manager defined by app rabbit
2023-08-01 09:26:58.795787+00:00 [info] <0.230.0> Running boot step rabbit_stream_coordinator defined by app rabbit
2023-08-01 09:26:58.797321+00:00 [info] <0.230.0> Running boot step rabbit_vhost_limit defined by app rabbit
2023-08-01 09:26:58.797446+00:00 [info] <0.230.0> Running boot step recovery defined by app rabbit
2023-08-01 09:26:58.798351+00:00 [info] <0.230.0> Running boot step empty_db_check defined by app rabbit
2023-08-01 09:26:58.798428+00:00 [info] <0.230.0> Will seed default virtual host and user...
2023-08-01 09:26:58.798511+00:00 [info] <0.230.0> Adding vhost '/' (description: 'Default virtual host', tags: [])
2023-08-01 09:26:58.802977+00:00 [info] <0.230.0> Inserted a virtual host record {vhost,<<"/">>,[],
2023-08-01 09:26:58.802977+00:00 [info] <0.230.0>                                       #{description =>
2023-08-01 09:26:58.802977+00:00 [info] <0.230.0>                                             <<"Default virtual host">>,
2023-08-01 09:26:58.802977+00:00 [info] <0.230.0>                                         tags => []}}
2023-08-01 09:26:58.824348+00:00 [info] <0.539.0> Making sure data directory '/var/lib/rabbitmq/mnesia/rabbit@5be665455796/msg_stores/vhosts/628WB79CIFDYO9LJI6DKMI09L' for vhost '/' exists
2023-08-01 09:26:58.825545+00:00 [info] <0.539.0> Setting segment_entry_count for vhost '/' with 0 queues to '2048'
2023-08-01 09:26:58.829874+00:00 [info] <0.539.0> Starting message stores for vhost '/'
2023-08-01 09:26:58.830237+00:00 [info] <0.549.0> Message store "628WB79CIFDYO9LJI6DKMI09L/msg_store_transient": using rabbit_msg_store_ets_index to provide index
2023-08-01 09:26:58.832554+00:00 [info] <0.539.0> Started message store of type transient for vhost '/'
2023-08-01 09:26:58.832845+00:00 [info] <0.553.0> Message store "628WB79CIFDYO9LJI6DKMI09L/msg_store_persistent": using rabbit_msg_store_ets_index to provide index
2023-08-01 09:26:58.833559+00:00 [warning] <0.553.0> Message store "628WB79CIFDYO9LJI6DKMI09L/msg_store_persistent": rebuilding indices from scratch
2023-08-01 09:26:58.834475+00:00 [info] <0.539.0> Started message store of type persistent for vhost '/'
2023-08-01 09:26:58.834678+00:00 [info] <0.539.0> Recovering 0 queues of type rabbit_classic_queue took 8ms
2023-08-01 09:26:58.834734+00:00 [info] <0.539.0> Recovering 0 queues of type rabbit_quorum_queue took 0ms
2023-08-01 09:26:58.834829+00:00 [info] <0.539.0> Recovering 0 queues of type rabbit_stream_queue took 0ms
2023-08-01 09:26:58.838228+00:00 [info] <0.230.0> Created user 'admin'
2023-08-01 09:26:58.840040+00:00 [info] <0.230.0> Successfully set user tags for user 'admin' to [administrator]
2023-08-01 09:26:58.842321+00:00 [info] <0.230.0> Successfully set permissions for user 'admin' in virtual host '/' to '.*', '.*', '.*'
2023-08-01 09:26:58.842416+00:00 [info] <0.230.0> Running boot step rabbit_observer_cli defined by app rabbit
2023-08-01 09:26:58.842585+00:00 [info] <0.230.0> Running boot step rabbit_looking_glass defined by app rabbit
2023-08-01 09:26:58.842625+00:00 [info] <0.230.0> Running boot step rabbit_core_metrics_gc defined by app rabbit
2023-08-01 09:26:58.842854+00:00 [info] <0.230.0> Running boot step background_gc defined by app rabbit
2023-08-01 09:26:58.843283+00:00 [info] <0.230.0> Running boot step routing_ready defined by app rabbit
2023-08-01 09:26:58.843370+00:00 [info] <0.230.0> Running boot step pre_flight defined by app rabbit
2023-08-01 09:26:58.843442+00:00 [info] <0.230.0> Running boot step notify_cluster defined by app rabbit
2023-08-01 09:26:58.843491+00:00 [info] <0.230.0> Running boot step networking defined by app rabbit
2023-08-01 09:26:58.843538+00:00 [info] <0.230.0> Running boot step definition_import_worker_pool defined by app rabbit
2023-08-01 09:26:58.843629+00:00 [info] <0.283.0> Starting worker pool 'definition_import_pool' with 8 processes in it
2023-08-01 09:26:58.844095+00:00 [info] <0.230.0> Running boot step cluster_name defined by app rabbit
2023-08-01 09:26:58.844179+00:00 [info] <0.230.0> Initialising internal cluster ID to 'rabbitmq-cluster-id-VcAAItjEXG4n4MCbrpPirg'
2023-08-01 09:26:58.846552+00:00 [info] <0.230.0> Running boot step direct_client defined by app rabbit
2023-08-01 09:26:58.846739+00:00 [info] <0.230.0> Running boot step rabbit_maintenance_mode_state defined by app rabbit
2023-08-01 09:26:58.846839+00:00 [info] <0.230.0> Creating table rabbit_node_maintenance_states for maintenance mode status
2023-08-01 09:26:58.851653+00:00 [info] <0.595.0> Resetting node maintenance status
2023-08-01 09:26:58.851882+00:00 [info] <0.595.0> Ready to start client connection listeners
2023-08-01 09:26:58.853780+00:00 [info] <0.613.0> started TCP listener on [::]:5672
2023-08-01 09:26:58.964918+00:00 [info] <0.595.0> Server startup complete; 0 plugins started.
2023-08-01 11:35:54.036311+00:00 [notice] <0.61.0> SIGTERM received - shutting down
2023-08-01 11:35:54.036311+00:00 [notice] <0.61.0> 
2023-08-01 11:35:54.037140+00:00 [info] <0.230.0> Peer discovery backend rabbit_peer_discovery_classic_config does not support registration, skipping unregistration.
2023-08-01 11:35:54.037412+00:00 [info] <0.613.0> stopped TCP listener on [::]:5672
2023-08-01 11:35:54.046321+00:00 [info] <0.972.0> Closing all connections in vhost '/' on node 'rabbit@5be665455796' because the vhost is stopping
2023-08-01 11:35:54.046661+00:00 [info] <0.553.0> Stopping message store for directory '/var/lib/rabbitmq/mnesia/rabbit@5be665455796/msg_stores/vhosts/628WB79CIFDYO9LJI6DKMI09L/msg_store_persistent'
2023-08-01 11:35:54.057428+00:00 [info] <0.553.0> Message store for directory '/var/lib/rabbitmq/mnesia/rabbit@5be665455796/msg_stores/vhosts/628WB79CIFDYO9LJI6DKMI09L/msg_store_persistent' is stopped
2023-08-01 11:35:54.057925+00:00 [info] <0.549.0> Stopping message store for directory '/var/lib/rabbitmq/mnesia/rabbit@5be665455796/msg_stores/vhosts/628WB79CIFDYO9LJI6DKMI09L/msg_store_transient'
2023-08-01 11:35:54.062712+00:00 [info] <0.549.0> Message store for directory '/var/lib/rabbitmq/mnesia/rabbit@5be665455796/msg_stores/vhosts/628WB79CIFDYO9LJI6DKMI09L/msg_store_transient' is stopped
