2023-08-02 03:03:54.515425+00:00 [notice] <0.230.0> Logging: configured log handlers are now ACTIVE
2023-08-02 03:03:54.718766+00:00 [info] <0.230.0> ra: starting system quorum_queues
2023-08-02 03:03:54.718885+00:00 [info] <0.230.0> starting Ra system: quorum_queues in directory: /var/lib/rabbitmq/mnesia/rabbit@e6c5f315af91/quorum/rabbit@e6c5f315af91
2023-08-02 03:03:54.786064+00:00 [info] <0.262.0> ra system 'quorum_queues' running pre init for 0 registered servers
2023-08-02 03:03:54.795884+00:00 [info] <0.263.0> ra: meta data store initialised for system quorum_queues. 0 record(s) recovered
2023-08-02 03:03:54.810490+00:00 [notice] <0.268.0> WAL: ra_log_wal init, open tbls: ra_log_open_mem_tables, closed tbls: ra_log_closed_mem_tables
2023-08-02 03:03:54.819094+00:00 [info] <0.230.0> ra: starting system coordination
2023-08-02 03:03:54.819194+00:00 [info] <0.230.0> starting Ra system: coordination in directory: /var/lib/rabbitmq/mnesia/rabbit@e6c5f315af91/coordination/rabbit@e6c5f315af91
2023-08-02 03:03:54.821592+00:00 [info] <0.275.0> ra system 'coordination' running pre init for 0 registered servers
2023-08-02 03:03:54.822271+00:00 [info] <0.276.0> ra: meta data store initialised for system coordination. 0 record(s) recovered
2023-08-02 03:03:54.822481+00:00 [notice] <0.281.0> WAL: ra_coordination_log_wal init, open tbls: ra_coordination_log_open_mem_tables, closed tbls: ra_coordination_log_closed_mem_tables
2023-08-02 03:03:54.826517+00:00 [info] <0.230.0> 
2023-08-02 03:03:54.826517+00:00 [info] <0.230.0>  Starting RabbitMQ 3.12.2 on Erlang 25.3.2.4 [jit]
2023-08-02 03:03:54.826517+00:00 [info] <0.230.0>  Copyright (c) 2007-2023 VMware, Inc. or its affiliates.
2023-08-02 03:03:54.826517+00:00 [info] <0.230.0>  Licensed under the MPL 2.0. Website: https://rabbitmq.com
2023-08-02 03:03:54.827795+00:00 [info] <0.230.0> 
2023-08-02 03:03:54.827795+00:00 [info] <0.230.0>  node           : rabbit@e6c5f315af91
2023-08-02 03:03:54.827795+00:00 [info] <0.230.0>  home dir       : /var/lib/rabbitmq
2023-08-02 03:03:54.827795+00:00 [info] <0.230.0>  config file(s) : (none)
2023-08-02 03:03:54.827795+00:00 [info] <0.230.0>  cookie hash    : I632BxIeVcljukT8rLir8Q==
2023-08-02 03:03:54.827795+00:00 [info] <0.230.0>  log(s)         : /var/log/rabbitmq/rabbit@e6c5f315af91.log
2023-08-02 03:03:54.827795+00:00 [info] <0.230.0>                 : <stdout>
2023-08-02 03:03:54.827795+00:00 [info] <0.230.0>  data dir       : /var/lib/rabbitmq/mnesia/rabbit@e6c5f315af91
2023-08-02 03:03:57.467236+00:00 [info] <0.230.0> Running boot step pre_boot defined by app rabbit
2023-08-02 03:03:57.467351+00:00 [info] <0.230.0> Running boot step rabbit_global_counters defined by app rabbit
2023-08-02 03:03:57.467763+00:00 [info] <0.230.0> Running boot step rabbit_osiris_metrics defined by app rabbit
2023-08-02 03:03:57.467923+00:00 [info] <0.230.0> Running boot step rabbit_core_metrics defined by app rabbit
2023-08-02 03:03:57.468860+00:00 [info] <0.230.0> Running boot step rabbit_alarm defined by app rabbit
2023-08-02 03:03:57.474713+00:00 [info] <0.299.0> Memory high watermark set to 25718 MiB (26968045977 bytes) of 64296 MiB (67420114944 bytes) total
2023-08-02 03:03:57.478574+00:00 [info] <0.301.0> Enabling free disk space monitoring (disk free space: 13709000704, total memory: 67420114944)
2023-08-02 03:03:57.478660+00:00 [info] <0.301.0> Disk free limit set to 50MB
2023-08-02 03:03:57.480797+00:00 [info] <0.230.0> Running boot step code_server_cache defined by app rabbit
2023-08-02 03:03:57.481041+00:00 [info] <0.230.0> Running boot step file_handle_cache defined by app rabbit
2023-08-02 03:03:57.481353+00:00 [info] <0.304.0> Limiting to approx 1048479 file handles (943629 sockets)
2023-08-02 03:03:57.481492+00:00 [info] <0.305.0> FHC read buffering: OFF
2023-08-02 03:03:57.481531+00:00 [info] <0.305.0> FHC write buffering: ON
2023-08-02 03:03:57.482190+00:00 [info] <0.230.0> Running boot step worker_pool defined by app rabbit
2023-08-02 03:03:57.482324+00:00 [info] <0.283.0> Will use 8 processes for default worker pool
2023-08-02 03:03:57.482376+00:00 [info] <0.283.0> Starting worker pool 'worker_pool' with 8 processes in it
2023-08-02 03:03:57.482936+00:00 [info] <0.230.0> Running boot step database defined by app rabbit
2023-08-02 03:03:57.483511+00:00 [info] <0.230.0> Node database directory at /var/lib/rabbitmq/mnesia/rabbit@e6c5f315af91 is empty. Assuming we need to join an existing cluster or initialise from scratch...
2023-08-02 03:03:57.483625+00:00 [info] <0.230.0> Configured peer discovery backend: rabbit_peer_discovery_classic_config
2023-08-02 03:03:57.483688+00:00 [info] <0.230.0> Will try to lock with peer discovery backend rabbit_peer_discovery_classic_config
2023-08-02 03:03:57.483842+00:00 [info] <0.230.0> All discovered existing cluster peers:
2023-08-02 03:03:57.483886+00:00 [info] <0.230.0> Discovered no peer nodes to cluster with. Some discovery backends can filter nodes out based on a readiness criteria. Enabling debug logging might help troubleshoot.
2023-08-02 03:03:57.486568+00:00 [notice] <0.44.0> Application mnesia exited with reason: stopped
2023-08-02 03:03:57.638177+00:00 [info] <0.230.0> Waiting for Mnesia tables for 30000 ms, 9 retries left
2023-08-02 03:03:57.638415+00:00 [info] <0.230.0> Successfully synced tables from a peer
2023-08-02 03:03:57.638887+00:00 [notice] <0.284.0> Feature flags: attempt to enable `stream_sac_coordinator_unblock_group`...
2023-08-02 03:03:57.669505+00:00 [notice] <0.284.0> Feature flags: `stream_sac_coordinator_unblock_group` enabled
2023-08-02 03:03:57.669678+00:00 [notice] <0.284.0> Feature flags: attempt to enable `restart_streams`...
2023-08-02 03:03:57.698457+00:00 [notice] <0.284.0> Feature flags: `restart_streams` enabled
2023-08-02 03:03:57.698852+00:00 [info] <0.230.0> Waiting for Mnesia tables for 30000 ms, 9 retries left
2023-08-02 03:03:57.699092+00:00 [info] <0.230.0> Successfully synced tables from a peer
2023-08-02 03:03:57.717133+00:00 [info] <0.230.0> Waiting for Mnesia tables for 30000 ms, 9 retries left
2023-08-02 03:03:57.717455+00:00 [info] <0.230.0> Successfully synced tables from a peer
2023-08-02 03:03:57.717536+00:00 [info] <0.230.0> Peer discovery backend rabbit_peer_discovery_classic_config does not support registration, skipping registration.
2023-08-02 03:03:57.717609+00:00 [info] <0.230.0> Will try to unlock with peer discovery backend rabbit_peer_discovery_classic_config
2023-08-02 03:03:57.718032+00:00 [info] <0.230.0> Running boot step tracking_metadata_store defined by app rabbit
2023-08-02 03:03:57.718231+00:00 [info] <0.486.0> Setting up a table for connection tracking on this node: tracked_connection
2023-08-02 03:03:57.718326+00:00 [info] <0.486.0> Setting up a table for per-vhost connection counting on this node: tracked_connection_per_vhost
2023-08-02 03:03:57.718400+00:00 [info] <0.486.0> Setting up a table for per-user connection counting on this node: tracked_connection_per_user
2023-08-02 03:03:57.718479+00:00 [info] <0.486.0> Setting up a table for channel tracking on this node: tracked_channel
2023-08-02 03:03:57.718600+00:00 [info] <0.486.0> Setting up a table for channel tracking on this node: tracked_channel_per_user
2023-08-02 03:03:57.718738+00:00 [info] <0.230.0> Running boot step networking_metadata_store defined by app rabbit
2023-08-02 03:03:57.718864+00:00 [info] <0.230.0> Running boot step feature_flags defined by app rabbit
2023-08-02 03:03:57.719076+00:00 [info] <0.230.0> Running boot step codec_correctness_check defined by app rabbit
2023-08-02 03:03:57.719180+00:00 [info] <0.230.0> Running boot step external_infrastructure defined by app rabbit
2023-08-02 03:03:57.719220+00:00 [info] <0.230.0> Running boot step rabbit_event defined by app rabbit
2023-08-02 03:03:57.719360+00:00 [info] <0.230.0> Running boot step rabbit_registry defined by app rabbit
2023-08-02 03:03:57.719441+00:00 [info] <0.230.0> Running boot step rabbit_auth_mechanism_amqplain defined by app rabbit
2023-08-02 03:03:57.719540+00:00 [info] <0.230.0> Running boot step rabbit_auth_mechanism_cr_demo defined by app rabbit
2023-08-02 03:03:57.719700+00:00 [info] <0.230.0> Running boot step rabbit_auth_mechanism_plain defined by app rabbit
2023-08-02 03:03:57.719836+00:00 [info] <0.230.0> Running boot step rabbit_exchange_type_direct defined by app rabbit
2023-08-02 03:03:57.720022+00:00 [info] <0.230.0> Running boot step rabbit_exchange_type_fanout defined by app rabbit
2023-08-02 03:03:57.720084+00:00 [info] <0.230.0> Running boot step rabbit_exchange_type_headers defined by app rabbit
2023-08-02 03:03:57.720132+00:00 [info] <0.230.0> Running boot step rabbit_exchange_type_topic defined by app rabbit
2023-08-02 03:03:57.720189+00:00 [info] <0.230.0> Running boot step rabbit_mirror_queue_mode_all defined by app rabbit
2023-08-02 03:03:57.720245+00:00 [info] <0.230.0> Running boot step rabbit_mirror_queue_mode_exactly defined by app rabbit
2023-08-02 03:03:57.720289+00:00 [info] <0.230.0> Running boot step rabbit_mirror_queue_mode_nodes defined by app rabbit
2023-08-02 03:03:57.720332+00:00 [info] <0.230.0> Running boot step rabbit_priority_queue defined by app rabbit
2023-08-02 03:03:57.720368+00:00 [info] <0.230.0> Priority queues enabled, real BQ is rabbit_variable_queue
2023-08-02 03:03:57.720434+00:00 [info] <0.230.0> Running boot step rabbit_queue_location_client_local defined by app rabbit
2023-08-02 03:03:57.720503+00:00 [info] <0.230.0> Running boot step rabbit_queue_location_min_masters defined by app rabbit
2023-08-02 03:03:57.720592+00:00 [info] <0.230.0> Running boot step rabbit_queue_location_random defined by app rabbit
2023-08-02 03:03:57.720784+00:00 [info] <0.230.0> Running boot step kernel_ready defined by app rabbit
2023-08-02 03:03:57.720842+00:00 [info] <0.230.0> Running boot step rabbit_sysmon_minder defined by app rabbit
2023-08-02 03:03:57.720991+00:00 [info] <0.230.0> Running boot step rabbit_epmd_monitor defined by app rabbit
2023-08-02 03:03:57.721963+00:00 [info] <0.494.0> epmd monitor knows us, inter-node communication (distribution) port: 25672
2023-08-02 03:03:57.722127+00:00 [info] <0.230.0> Running boot step guid_generator defined by app rabbit
2023-08-02 03:03:57.726162+00:00 [info] <0.230.0> Running boot step rabbit_node_monitor defined by app rabbit
2023-08-02 03:03:57.726550+00:00 [info] <0.498.0> Starting rabbit_node_monitor
2023-08-02 03:03:57.726865+00:00 [info] <0.230.0> Running boot step delegate_sup defined by app rabbit
2023-08-02 03:03:57.727408+00:00 [info] <0.230.0> Running boot step rabbit_memory_monitor defined by app rabbit
2023-08-02 03:03:57.727632+00:00 [info] <0.230.0> Running boot step rabbit_fifo_dlx_sup defined by app rabbit
2023-08-02 03:03:57.727701+00:00 [info] <0.230.0> Running boot step core_initialized defined by app rabbit
2023-08-02 03:03:57.727732+00:00 [info] <0.230.0> Running boot step rabbit_channel_tracking_handler defined by app rabbit
2023-08-02 03:03:57.727776+00:00 [info] <0.230.0> Running boot step rabbit_connection_tracking_handler defined by app rabbit
2023-08-02 03:03:57.727847+00:00 [info] <0.230.0> Running boot step rabbit_definitions_hashing defined by app rabbit
2023-08-02 03:03:57.727973+00:00 [info] <0.230.0> Running boot step rabbit_exchange_parameters defined by app rabbit
2023-08-02 03:03:57.728485+00:00 [info] <0.230.0> Running boot step rabbit_mirror_queue_misc defined by app rabbit
2023-08-02 03:03:57.728945+00:00 [info] <0.230.0> Running boot step rabbit_policies defined by app rabbit
2023-08-02 03:03:57.729277+00:00 [info] <0.230.0> Running boot step rabbit_policy defined by app rabbit
2023-08-02 03:03:57.729341+00:00 [info] <0.230.0> Running boot step rabbit_queue_location_validator defined by app rabbit
2023-08-02 03:03:57.729393+00:00 [info] <0.230.0> Running boot step rabbit_quorum_memory_manager defined by app rabbit
2023-08-02 03:03:57.729456+00:00 [info] <0.230.0> Running boot step rabbit_stream_coordinator defined by app rabbit
2023-08-02 03:03:57.729645+00:00 [info] <0.230.0> Running boot step rabbit_vhost_limit defined by app rabbit
2023-08-02 03:03:57.729758+00:00 [info] <0.230.0> Running boot step recovery defined by app rabbit
2023-08-02 03:03:57.730929+00:00 [info] <0.230.0> Running boot step empty_db_check defined by app rabbit
2023-08-02 03:03:57.731011+00:00 [info] <0.230.0> Will seed default virtual host and user...
2023-08-02 03:03:57.731107+00:00 [info] <0.230.0> Adding vhost '/' (description: 'Default virtual host', tags: [])
2023-08-02 03:03:57.735437+00:00 [info] <0.230.0> Inserted a virtual host record {vhost,<<"/">>,[],
2023-08-02 03:03:57.735437+00:00 [info] <0.230.0>                                       #{description =>
2023-08-02 03:03:57.735437+00:00 [info] <0.230.0>                                             <<"Default virtual host">>,
2023-08-02 03:03:57.735437+00:00 [info] <0.230.0>                                         tags => []}}
2023-08-02 03:03:57.760620+00:00 [info] <0.539.0> Making sure data directory '/var/lib/rabbitmq/mnesia/rabbit@e6c5f315af91/msg_stores/vhosts/628WB79CIFDYO9LJI6DKMI09L' for vhost '/' exists
2023-08-02 03:03:57.763362+00:00 [info] <0.539.0> Setting segment_entry_count for vhost '/' with 0 queues to '2048'
2023-08-02 03:03:57.769358+00:00 [info] <0.539.0> Starting message stores for vhost '/'
2023-08-02 03:03:57.769729+00:00 [info] <0.549.0> Message store "628WB79CIFDYO9LJI6DKMI09L/msg_store_transient": using rabbit_msg_store_ets_index to provide index
2023-08-02 03:03:57.771448+00:00 [info] <0.539.0> Started message store of type transient for vhost '/'
2023-08-02 03:03:57.771653+00:00 [info] <0.553.0> Message store "628WB79CIFDYO9LJI6DKMI09L/msg_store_persistent": using rabbit_msg_store_ets_index to provide index
2023-08-02 03:03:57.772529+00:00 [warning] <0.553.0> Message store "628WB79CIFDYO9LJI6DKMI09L/msg_store_persistent": rebuilding indices from scratch
2023-08-02 03:03:57.774994+00:00 [info] <0.539.0> Started message store of type persistent for vhost '/'
2023-08-02 03:03:57.775235+00:00 [info] <0.539.0> Recovering 0 queues of type rabbit_classic_queue took 11ms
2023-08-02 03:03:57.775290+00:00 [info] <0.539.0> Recovering 0 queues of type rabbit_quorum_queue took 0ms
2023-08-02 03:03:57.775331+00:00 [info] <0.539.0> Recovering 0 queues of type rabbit_stream_queue took 0ms
2023-08-02 03:03:57.778856+00:00 [info] <0.230.0> Created user 'admin'
2023-08-02 03:03:57.781801+00:00 [info] <0.230.0> Successfully set user tags for user 'admin' to [administrator]
2023-08-02 03:03:57.785064+00:00 [info] <0.230.0> Successfully set permissions for user 'admin' in virtual host '/' to '.*', '.*', '.*'
2023-08-02 03:03:57.785194+00:00 [info] <0.230.0> Running boot step rabbit_observer_cli defined by app rabbit
2023-08-02 03:03:57.785328+00:00 [info] <0.230.0> Running boot step rabbit_looking_glass defined by app rabbit
2023-08-02 03:03:57.785410+00:00 [info] <0.230.0> Running boot step rabbit_core_metrics_gc defined by app rabbit
2023-08-02 03:03:57.785547+00:00 [info] <0.230.0> Running boot step background_gc defined by app rabbit
2023-08-02 03:03:57.785711+00:00 [info] <0.230.0> Running boot step routing_ready defined by app rabbit
2023-08-02 03:03:57.785795+00:00 [info] <0.230.0> Running boot step pre_flight defined by app rabbit
2023-08-02 03:03:57.785833+00:00 [info] <0.230.0> Running boot step notify_cluster defined by app rabbit
2023-08-02 03:03:57.785866+00:00 [info] <0.230.0> Running boot step networking defined by app rabbit
2023-08-02 03:03:57.785902+00:00 [info] <0.230.0> Running boot step definition_import_worker_pool defined by app rabbit
2023-08-02 03:03:57.785979+00:00 [info] <0.283.0> Starting worker pool 'definition_import_pool' with 8 processes in it
2023-08-02 03:03:57.786366+00:00 [info] <0.230.0> Running boot step cluster_name defined by app rabbit
2023-08-02 03:03:57.786515+00:00 [info] <0.230.0> Initialising internal cluster ID to 'rabbitmq-cluster-id-TNnFZyRX5_cxwJaOcEnj6A'
2023-08-02 03:03:57.788861+00:00 [info] <0.230.0> Running boot step direct_client defined by app rabbit
2023-08-02 03:03:57.789002+00:00 [info] <0.230.0> Running boot step rabbit_maintenance_mode_state defined by app rabbit
2023-08-02 03:03:57.789055+00:00 [info] <0.230.0> Creating table rabbit_node_maintenance_states for maintenance mode status
2023-08-02 03:03:57.795948+00:00 [info] <0.595.0> Resetting node maintenance status
2023-08-02 03:03:57.796285+00:00 [info] <0.595.0> Ready to start client connection listeners
2023-08-02 03:03:57.798881+00:00 [info] <0.613.0> started TCP listener on [::]:5672
2023-08-02 03:03:57.906974+00:00 [info] <0.595.0> Server startup complete; 0 plugins started.
2023-08-02 04:01:07.664253+00:00 [info] <0.783.0> accepting AMQP connection <0.783.0> (172.104.210.105:53436 -> 172.28.0.2:5672)
2023-08-02 04:01:07.664437+00:00 [error] <0.783.0> closing AMQP connection <0.783.0> (172.104.210.105:53436 -> 172.28.0.2:5672):
2023-08-02 04:01:07.664437+00:00 [error] <0.783.0> {handshake_timeout,handshake}
2023-08-02 04:01:47.507318+00:00 [info] <0.789.0> accepting AMQP connection <0.789.0> (172.104.210.105:53437 -> 172.28.0.2:5672)
2023-08-02 04:01:47.507523+00:00 [error] <0.789.0> closing AMQP connection <0.789.0> (172.104.210.105:53437 -> 172.28.0.2:5672):
2023-08-02 04:01:47.507523+00:00 [error] <0.789.0> {bad_header,<<"GET / HT">>}
2023-08-02 04:03:41.357264+00:00 [info] <0.799.0> accepting AMQP connection <0.799.0> (172.104.210.105:53439 -> 172.28.0.2:5672)
2023-08-02 04:03:41.357469+00:00 [error] <0.799.0> closing AMQP connection <0.799.0> (172.104.210.105:53439 -> 172.28.0.2:5672):
2023-08-02 04:03:41.357469+00:00 [error] <0.799.0> {bad_header,<<0,35,57,98,1,0,0,1>>}
2023-08-02 04:04:23.015272+00:00 [info] <0.809.0> accepting AMQP connection <0.809.0> (172.104.210.105:53440 -> 172.28.0.2:5672)
2023-08-02 04:04:23.015465+00:00 [error] <0.809.0> closing AMQP connection <0.809.0> (172.104.210.105:53440 -> 172.28.0.2:5672):
2023-08-02 04:04:23.015465+00:00 [error] <0.809.0> {bad_header,<<18,1,0,47,0,0,2,0>>}
2023-08-02 06:29:34.478174+00:00 [info] <0.1199.0> accepting AMQP connection <0.1199.0> (162.142.125.214:34160 -> 172.28.0.2:5672)
2023-08-02 06:29:34.478516+00:00 [error] <0.1199.0> closing AMQP connection <0.1199.0> (162.142.125.214:34160 -> 172.28.0.2:5672):
2023-08-02 06:29:34.478516+00:00 [error] <0.1199.0> amqp1_0_plugin_not_enabled
2023-08-02 07:13:19.690882+00:00 [notice] <0.61.0> SIGTERM received - shutting down
2023-08-02 07:13:19.690882+00:00 [notice] <0.61.0> 
2023-08-02 07:13:19.691740+00:00 [info] <0.230.0> Peer discovery backend rabbit_peer_discovery_classic_config does not support registration, skipping unregistration.
2023-08-02 07:13:19.691985+00:00 [info] <0.613.0> stopped TCP listener on [::]:5672
2023-08-02 07:13:19.693397+00:00 [info] <0.1319.0> Closing all connections in vhost '/' on node 'rabbit@e6c5f315af91' because the vhost is stopping
2023-08-02 07:13:19.693589+00:00 [info] <0.553.0> Stopping message store for directory '/var/lib/rabbitmq/mnesia/rabbit@e6c5f315af91/msg_stores/vhosts/628WB79CIFDYO9LJI6DKMI09L/msg_store_persistent'
2023-08-02 07:13:19.703952+00:00 [info] <0.553.0> Message store for directory '/var/lib/rabbitmq/mnesia/rabbit@e6c5f315af91/msg_stores/vhosts/628WB79CIFDYO9LJI6DKMI09L/msg_store_persistent' is stopped
2023-08-02 07:13:19.704322+00:00 [info] <0.549.0> Stopping message store for directory '/var/lib/rabbitmq/mnesia/rabbit@e6c5f315af91/msg_stores/vhosts/628WB79CIFDYO9LJI6DKMI09L/msg_store_transient'
2023-08-02 07:13:19.711860+00:00 [info] <0.549.0> Message store for directory '/var/lib/rabbitmq/mnesia/rabbit@e6c5f315af91/msg_stores/vhosts/628WB79CIFDYO9LJI6DKMI09L/msg_store_transient' is stopped
2023-08-02 07:13:24.861961+00:00 [notice] <0.230.0> Logging: configured log handlers are now ACTIVE
2023-08-02 07:13:25.199824+00:00 [info] <0.230.0> ra: starting system quorum_queues
2023-08-02 07:13:25.199976+00:00 [info] <0.230.0> starting Ra system: quorum_queues in directory: /var/lib/rabbitmq/mnesia/rabbit@e6c5f315af91/quorum/rabbit@e6c5f315af91
2023-08-02 07:13:25.222854+00:00 [info] <0.337.0> ra system 'quorum_queues' running pre init for 0 registered servers
2023-08-02 07:13:25.231856+00:00 [info] <0.338.0> ra: meta data store initialised for system quorum_queues. 0 record(s) recovered
2023-08-02 07:13:25.245037+00:00 [notice] <0.343.0> WAL: ra_log_wal init, open tbls: ra_log_open_mem_tables, closed tbls: ra_log_closed_mem_tables
2023-08-02 07:13:25.254202+00:00 [info] <0.230.0> ra: starting system coordination
2023-08-02 07:13:25.254290+00:00 [info] <0.230.0> starting Ra system: coordination in directory: /var/lib/rabbitmq/mnesia/rabbit@e6c5f315af91/coordination/rabbit@e6c5f315af91
2023-08-02 07:13:25.255300+00:00 [info] <0.350.0> ra system 'coordination' running pre init for 0 registered servers
2023-08-02 07:13:25.256154+00:00 [info] <0.351.0> ra: meta data store initialised for system coordination. 0 record(s) recovered
2023-08-02 07:13:25.256409+00:00 [notice] <0.356.0> WAL: ra_coordination_log_wal init, open tbls: ra_coordination_log_open_mem_tables, closed tbls: ra_coordination_log_closed_mem_tables
2023-08-02 07:13:25.260577+00:00 [info] <0.230.0> 
2023-08-02 07:13:25.260577+00:00 [info] <0.230.0>  Starting RabbitMQ 3.12.2 on Erlang 25.3.2.4 [jit]
2023-08-02 07:13:25.260577+00:00 [info] <0.230.0>  Copyright (c) 2007-2023 VMware, Inc. or its affiliates.
2023-08-02 07:13:25.260577+00:00 [info] <0.230.0>  Licensed under the MPL 2.0. Website: https://rabbitmq.com
2023-08-02 07:13:25.261715+00:00 [info] <0.230.0> 
2023-08-02 07:13:25.261715+00:00 [info] <0.230.0>  node           : rabbit@e6c5f315af91
2023-08-02 07:13:25.261715+00:00 [info] <0.230.0>  home dir       : /var/lib/rabbitmq
2023-08-02 07:13:25.261715+00:00 [info] <0.230.0>  config file(s) : (none)
2023-08-02 07:13:25.261715+00:00 [info] <0.230.0>  cookie hash    : I632BxIeVcljukT8rLir8Q==
2023-08-02 07:13:25.261715+00:00 [info] <0.230.0>  log(s)         : /var/log/rabbitmq/rabbit@e6c5f315af91.log
2023-08-02 07:13:25.261715+00:00 [info] <0.230.0>                 : <stdout>
2023-08-02 07:13:25.261715+00:00 [info] <0.230.0>  data dir       : /var/lib/rabbitmq/mnesia/rabbit@e6c5f315af91
2023-08-02 07:13:27.865435+00:00 [info] <0.230.0> Running boot step pre_boot defined by app rabbit
2023-08-02 07:13:27.865556+00:00 [info] <0.230.0> Running boot step rabbit_global_counters defined by app rabbit
2023-08-02 07:13:27.866001+00:00 [info] <0.230.0> Running boot step rabbit_osiris_metrics defined by app rabbit
2023-08-02 07:13:27.866135+00:00 [info] <0.230.0> Running boot step rabbit_core_metrics defined by app rabbit
2023-08-02 07:13:27.867105+00:00 [info] <0.230.0> Running boot step rabbit_alarm defined by app rabbit
2023-08-02 07:13:27.873375+00:00 [info] <0.374.0> Memory high watermark set to 25718 MiB (26968045977 bytes) of 64296 MiB (67420114944 bytes) total
2023-08-02 07:13:27.877454+00:00 [info] <0.376.0> Enabling free disk space monitoring (disk free space: 13690101760, total memory: 67420114944)
2023-08-02 07:13:27.877542+00:00 [info] <0.376.0> Disk free limit set to 50MB
2023-08-02 07:13:27.879720+00:00 [info] <0.230.0> Running boot step code_server_cache defined by app rabbit
2023-08-02 07:13:27.879883+00:00 [info] <0.230.0> Running boot step file_handle_cache defined by app rabbit
2023-08-02 07:13:27.880264+00:00 [info] <0.379.0> Limiting to approx 1048479 file handles (943629 sockets)
2023-08-02 07:13:27.880422+00:00 [info] <0.380.0> FHC read buffering: OFF
2023-08-02 07:13:27.880464+00:00 [info] <0.380.0> FHC write buffering: ON
2023-08-02 07:13:27.880859+00:00 [info] <0.230.0> Running boot step worker_pool defined by app rabbit
2023-08-02 07:13:27.880952+00:00 [info] <0.358.0> Will use 8 processes for default worker pool
2023-08-02 07:13:27.880997+00:00 [info] <0.358.0> Starting worker pool 'worker_pool' with 8 processes in it
2023-08-02 07:13:27.881498+00:00 [info] <0.230.0> Running boot step database defined by app rabbit
2023-08-02 07:13:27.883215+00:00 [info] <0.230.0> Waiting for Mnesia tables for 30000 ms, 9 retries left
2023-08-02 07:13:27.888167+00:00 [info] <0.230.0> Successfully synced tables from a peer
2023-08-02 07:13:27.897085+00:00 [info] <0.230.0> Waiting for Mnesia tables for 30000 ms, 9 retries left
2023-08-02 07:13:27.897374+00:00 [info] <0.230.0> Successfully synced tables from a peer
2023-08-02 07:13:27.897427+00:00 [info] <0.230.0> Peer discovery backend rabbit_peer_discovery_classic_config does not support registration, skipping registration.
2023-08-02 07:13:27.897669+00:00 [info] <0.230.0> Running boot step tracking_metadata_store defined by app rabbit
2023-08-02 07:13:27.897843+00:00 [info] <0.398.0> Setting up a table for connection tracking on this node: tracked_connection
2023-08-02 07:13:27.897903+00:00 [info] <0.398.0> Setting up a table for per-vhost connection counting on this node: tracked_connection_per_vhost
2023-08-02 07:13:27.897963+00:00 [info] <0.398.0> Setting up a table for per-user connection counting on this node: tracked_connection_per_user
2023-08-02 07:13:27.898031+00:00 [info] <0.398.0> Setting up a table for channel tracking on this node: tracked_channel
2023-08-02 07:13:27.898091+00:00 [info] <0.398.0> Setting up a table for channel tracking on this node: tracked_channel_per_user
2023-08-02 07:13:27.898186+00:00 [info] <0.230.0> Running boot step networking_metadata_store defined by app rabbit
2023-08-02 07:13:27.898309+00:00 [info] <0.230.0> Running boot step feature_flags defined by app rabbit
2023-08-02 07:13:27.898512+00:00 [info] <0.230.0> Running boot step codec_correctness_check defined by app rabbit
2023-08-02 07:13:27.898548+00:00 [info] <0.230.0> Running boot step external_infrastructure defined by app rabbit
2023-08-02 07:13:27.898572+00:00 [info] <0.230.0> Running boot step rabbit_event defined by app rabbit
2023-08-02 07:13:27.898680+00:00 [info] <0.230.0> Running boot step rabbit_registry defined by app rabbit
2023-08-02 07:13:27.898784+00:00 [info] <0.230.0> Running boot step rabbit_auth_mechanism_amqplain defined by app rabbit
2023-08-02 07:13:27.898908+00:00 [info] <0.230.0> Running boot step rabbit_auth_mechanism_cr_demo defined by app rabbit
2023-08-02 07:13:27.899022+00:00 [info] <0.230.0> Running boot step rabbit_auth_mechanism_plain defined by app rabbit
2023-08-02 07:13:27.899099+00:00 [info] <0.230.0> Running boot step rabbit_exchange_type_direct defined by app rabbit
2023-08-02 07:13:27.899153+00:00 [info] <0.230.0> Running boot step rabbit_exchange_type_fanout defined by app rabbit
2023-08-02 07:13:27.899228+00:00 [info] <0.230.0> Running boot step rabbit_exchange_type_headers defined by app rabbit
2023-08-02 07:13:27.899297+00:00 [info] <0.230.0> Running boot step rabbit_exchange_type_topic defined by app rabbit
2023-08-02 07:13:27.899373+00:00 [info] <0.230.0> Running boot step rabbit_mirror_queue_mode_all defined by app rabbit
2023-08-02 07:13:27.899422+00:00 [info] <0.230.0> Running boot step rabbit_mirror_queue_mode_exactly defined by app rabbit
2023-08-02 07:13:27.899529+00:00 [info] <0.230.0> Running boot step rabbit_mirror_queue_mode_nodes defined by app rabbit
2023-08-02 07:13:27.899607+00:00 [info] <0.230.0> Running boot step rabbit_priority_queue defined by app rabbit
2023-08-02 07:13:27.899637+00:00 [info] <0.230.0> Priority queues enabled, real BQ is rabbit_variable_queue
2023-08-02 07:13:27.899691+00:00 [info] <0.230.0> Running boot step rabbit_queue_location_client_local defined by app rabbit
2023-08-02 07:13:27.899754+00:00 [info] <0.230.0> Running boot step rabbit_queue_location_min_masters defined by app rabbit
2023-08-02 07:13:27.899800+00:00 [info] <0.230.0> Running boot step rabbit_queue_location_random defined by app rabbit
2023-08-02 07:13:27.899849+00:00 [info] <0.230.0> Running boot step kernel_ready defined by app rabbit
2023-08-02 07:13:27.899874+00:00 [info] <0.230.0> Running boot step rabbit_sysmon_minder defined by app rabbit
2023-08-02 07:13:27.899999+00:00 [info] <0.230.0> Running boot step rabbit_epmd_monitor defined by app rabbit
2023-08-02 07:13:27.900853+00:00 [info] <0.406.0> epmd monitor knows us, inter-node communication (distribution) port: 25672
2023-08-02 07:13:27.901023+00:00 [info] <0.230.0> Running boot step guid_generator defined by app rabbit
2023-08-02 07:13:27.904980+00:00 [info] <0.230.0> Running boot step rabbit_node_monitor defined by app rabbit
2023-08-02 07:13:27.905296+00:00 [info] <0.410.0> Starting rabbit_node_monitor
2023-08-02 07:13:27.905414+00:00 [info] <0.230.0> Running boot step delegate_sup defined by app rabbit
2023-08-02 07:13:27.905971+00:00 [info] <0.230.0> Running boot step rabbit_memory_monitor defined by app rabbit
2023-08-02 07:13:27.906169+00:00 [info] <0.230.0> Running boot step rabbit_fifo_dlx_sup defined by app rabbit
2023-08-02 07:13:27.906236+00:00 [info] <0.230.0> Running boot step core_initialized defined by app rabbit
2023-08-02 07:13:27.906274+00:00 [info] <0.230.0> Running boot step rabbit_channel_tracking_handler defined by app rabbit
2023-08-02 07:13:27.906312+00:00 [info] <0.230.0> Running boot step rabbit_connection_tracking_handler defined by app rabbit
2023-08-02 07:13:27.906368+00:00 [info] <0.230.0> Running boot step rabbit_definitions_hashing defined by app rabbit
2023-08-02 07:13:27.906520+00:00 [info] <0.230.0> Running boot step rabbit_exchange_parameters defined by app rabbit
2023-08-02 07:13:27.906907+00:00 [info] <0.230.0> Running boot step rabbit_mirror_queue_misc defined by app rabbit
2023-08-02 07:13:27.907226+00:00 [info] <0.230.0> Running boot step rabbit_policies defined by app rabbit
2023-08-02 07:13:27.907551+00:00 [info] <0.230.0> Running boot step rabbit_policy defined by app rabbit
2023-08-02 07:13:27.907619+00:00 [info] <0.230.0> Running boot step rabbit_queue_location_validator defined by app rabbit
2023-08-02 07:13:27.907712+00:00 [info] <0.230.0> Running boot step rabbit_quorum_memory_manager defined by app rabbit
2023-08-02 07:13:27.907839+00:00 [info] <0.230.0> Running boot step rabbit_stream_coordinator defined by app rabbit
2023-08-02 07:13:27.907988+00:00 [info] <0.230.0> Running boot step rabbit_vhost_limit defined by app rabbit
2023-08-02 07:13:27.908086+00:00 [info] <0.230.0> Running boot step recovery defined by app rabbit
2023-08-02 07:13:27.908982+00:00 [info] <0.442.0> Making sure data directory '/var/lib/rabbitmq/mnesia/rabbit@e6c5f315af91/msg_stores/vhosts/628WB79CIFDYO9LJI6DKMI09L' for vhost '/' exists
2023-08-02 07:13:27.913930+00:00 [info] <0.442.0> Starting message stores for vhost '/'
2023-08-02 07:13:27.914197+00:00 [info] <0.452.0> Message store "628WB79CIFDYO9LJI6DKMI09L/msg_store_transient": using rabbit_msg_store_ets_index to provide index
2023-08-02 07:13:27.916418+00:00 [info] <0.442.0> Started message store of type transient for vhost '/'
2023-08-02 07:13:27.916627+00:00 [info] <0.456.0> Message store "628WB79CIFDYO9LJI6DKMI09L/msg_store_persistent": using rabbit_msg_store_ets_index to provide index
2023-08-02 07:13:27.919180+00:00 [info] <0.442.0> Started message store of type persistent for vhost '/'
2023-08-02 07:13:27.919341+00:00 [info] <0.442.0> Recovering 0 queues of type rabbit_classic_queue took 9ms
2023-08-02 07:13:27.919392+00:00 [info] <0.442.0> Recovering 0 queues of type rabbit_quorum_queue took 0ms
2023-08-02 07:13:27.919435+00:00 [info] <0.442.0> Recovering 0 queues of type rabbit_stream_queue took 0ms
2023-08-02 07:13:27.921394+00:00 [info] <0.230.0> Running boot step empty_db_check defined by app rabbit
2023-08-02 07:13:27.921478+00:00 [info] <0.230.0> Will not seed default virtual host and user: have definitions to load...
2023-08-02 07:13:27.921507+00:00 [info] <0.230.0> Running boot step rabbit_observer_cli defined by app rabbit
2023-08-02 07:13:27.921582+00:00 [info] <0.230.0> Running boot step rabbit_looking_glass defined by app rabbit
2023-08-02 07:13:27.921687+00:00 [info] <0.230.0> Running boot step rabbit_core_metrics_gc defined by app rabbit
2023-08-02 07:13:27.921855+00:00 [info] <0.230.0> Running boot step background_gc defined by app rabbit
2023-08-02 07:13:27.922041+00:00 [info] <0.230.0> Running boot step routing_ready defined by app rabbit
2023-08-02 07:13:27.922075+00:00 [info] <0.230.0> Running boot step pre_flight defined by app rabbit
2023-08-02 07:13:27.922098+00:00 [info] <0.230.0> Running boot step notify_cluster defined by app rabbit
2023-08-02 07:13:27.922139+00:00 [info] <0.230.0> Running boot step networking defined by app rabbit
2023-08-02 07:13:27.922187+00:00 [info] <0.230.0> Running boot step definition_import_worker_pool defined by app rabbit
2023-08-02 07:13:27.922229+00:00 [info] <0.358.0> Starting worker pool 'definition_import_pool' with 8 processes in it
2023-08-02 07:13:27.922639+00:00 [info] <0.230.0> Running boot step cluster_name defined by app rabbit
2023-08-02 07:13:27.922714+00:00 [info] <0.230.0> Running boot step direct_client defined by app rabbit
2023-08-02 07:13:27.922874+00:00 [info] <0.230.0> Running boot step rabbit_maintenance_mode_state defined by app rabbit
2023-08-02 07:13:27.922917+00:00 [info] <0.230.0> Creating table rabbit_node_maintenance_states for maintenance mode status
2023-08-02 07:13:27.923235+00:00 [info] <0.496.0> Resetting node maintenance status
2023-08-02 07:13:27.923426+00:00 [info] <0.496.0> Ready to start client connection listeners
2023-08-02 07:13:27.925353+00:00 [info] <0.514.0> started TCP listener on [::]:5672
2023-08-02 07:13:28.015600+00:00 [info] <0.496.0> Server startup complete; 0 plugins started.
