2023-08-01 09:21:37.109685+00:00 [notice] <0.230.0> Logging: configured log handlers are now ACTIVE
2023-08-01 09:21:37.309300+00:00 [info] <0.230.0> ra: starting system quorum_queues
2023-08-01 09:21:37.309420+00:00 [info] <0.230.0> starting Ra system: quorum_queues in directory: /var/lib/rabbitmq/mnesia/rabbit@04582c788bd9/quorum/rabbit@04582c788bd9
2023-08-01 09:21:37.374096+00:00 [info] <0.262.0> ra system 'quorum_queues' running pre init for 0 registered servers
2023-08-01 09:21:37.383704+00:00 [info] <0.263.0> ra: meta data store initialised for system quorum_queues. 0 record(s) recovered
2023-08-01 09:21:37.398178+00:00 [notice] <0.268.0> WAL: ra_log_wal init, open tbls: ra_log_open_mem_tables, closed tbls: ra_log_closed_mem_tables
2023-08-01 09:21:37.406850+00:00 [info] <0.230.0> ra: starting system coordination
2023-08-01 09:21:37.406941+00:00 [info] <0.230.0> starting Ra system: coordination in directory: /var/lib/rabbitmq/mnesia/rabbit@04582c788bd9/coordination/rabbit@04582c788bd9
2023-08-01 09:21:37.409560+00:00 [info] <0.275.0> ra system 'coordination' running pre init for 0 registered servers
2023-08-01 09:21:37.411220+00:00 [info] <0.276.0> ra: meta data store initialised for system coordination. 0 record(s) recovered
2023-08-01 09:21:37.411445+00:00 [notice] <0.281.0> WAL: ra_coordination_log_wal init, open tbls: ra_coordination_log_open_mem_tables, closed tbls: ra_coordination_log_closed_mem_tables
2023-08-01 09:21:37.416356+00:00 [info] <0.230.0> 
2023-08-01 09:21:37.416356+00:00 [info] <0.230.0>  Starting RabbitMQ 3.12.2 on Erlang 25.3.2.4 [jit]
2023-08-01 09:21:37.416356+00:00 [info] <0.230.0>  Copyright (c) 2007-2023 VMware, Inc. or its affiliates.
2023-08-01 09:21:37.416356+00:00 [info] <0.230.0>  Licensed under the MPL 2.0. Website: https://rabbitmq.com
2023-08-01 09:21:37.417721+00:00 [info] <0.230.0> 
2023-08-01 09:21:37.417721+00:00 [info] <0.230.0>  node           : rabbit@04582c788bd9
2023-08-01 09:21:37.417721+00:00 [info] <0.230.0>  home dir       : /var/lib/rabbitmq
2023-08-01 09:21:37.417721+00:00 [info] <0.230.0>  config file(s) : (none)
2023-08-01 09:21:37.417721+00:00 [info] <0.230.0>  cookie hash    : I632BxIeVcljukT8rLir8Q==
2023-08-01 09:21:37.417721+00:00 [info] <0.230.0>  log(s)         : /var/log/rabbitmq/rabbit@04582c788bd9.log
2023-08-01 09:21:37.417721+00:00 [info] <0.230.0>                 : <stdout>
2023-08-01 09:21:37.417721+00:00 [info] <0.230.0>  data dir       : /var/lib/rabbitmq/mnesia/rabbit@04582c788bd9
2023-08-01 09:21:40.047220+00:00 [info] <0.230.0> Running boot step pre_boot defined by app rabbit
2023-08-01 09:21:40.047332+00:00 [info] <0.230.0> Running boot step rabbit_global_counters defined by app rabbit
2023-08-01 09:21:40.047863+00:00 [info] <0.230.0> Running boot step rabbit_osiris_metrics defined by app rabbit
2023-08-01 09:21:40.048000+00:00 [info] <0.230.0> Running boot step rabbit_core_metrics defined by app rabbit
2023-08-01 09:21:40.049287+00:00 [info] <0.230.0> Running boot step rabbit_alarm defined by app rabbit
2023-08-01 09:21:40.054779+00:00 [info] <0.299.0> Memory high watermark set to 25718 MiB (26968045977 bytes) of 64296 MiB (67420114944 bytes) total
2023-08-01 09:21:40.058727+00:00 [info] <0.301.0> Enabling free disk space monitoring (disk free space: 14561193984, total memory: 67420114944)
2023-08-01 09:21:40.058999+00:00 [info] <0.301.0> Disk free limit set to 50MB
2023-08-01 09:21:40.061313+00:00 [info] <0.230.0> Running boot step code_server_cache defined by app rabbit
2023-08-01 09:21:40.061865+00:00 [info] <0.230.0> Running boot step file_handle_cache defined by app rabbit
2023-08-01 09:21:40.062156+00:00 [info] <0.304.0> Limiting to approx 1048479 file handles (943629 sockets)
2023-08-01 09:21:40.062332+00:00 [info] <0.305.0> FHC read buffering: OFF
2023-08-01 09:21:40.062373+00:00 [info] <0.305.0> FHC write buffering: ON
2023-08-01 09:21:40.062791+00:00 [info] <0.230.0> Running boot step worker_pool defined by app rabbit
2023-08-01 09:21:40.062927+00:00 [info] <0.283.0> Will use 8 processes for default worker pool
2023-08-01 09:21:40.062972+00:00 [info] <0.283.0> Starting worker pool 'worker_pool' with 8 processes in it
2023-08-01 09:21:40.063465+00:00 [info] <0.230.0> Running boot step database defined by app rabbit
2023-08-01 09:21:40.064251+00:00 [info] <0.230.0> Node database directory at /var/lib/rabbitmq/mnesia/rabbit@04582c788bd9 is empty. Assuming we need to join an existing cluster or initialise from scratch...
2023-08-01 09:21:40.064373+00:00 [info] <0.230.0> Configured peer discovery backend: rabbit_peer_discovery_classic_config
2023-08-01 09:21:40.064421+00:00 [info] <0.230.0> Will try to lock with peer discovery backend rabbit_peer_discovery_classic_config
2023-08-01 09:21:40.064540+00:00 [info] <0.230.0> All discovered existing cluster peers:
2023-08-01 09:21:40.064581+00:00 [info] <0.230.0> Discovered no peer nodes to cluster with. Some discovery backends can filter nodes out based on a readiness criteria. Enabling debug logging might help troubleshoot.
2023-08-01 09:21:40.067253+00:00 [notice] <0.44.0> Application mnesia exited with reason: stopped
2023-08-01 09:21:40.224731+00:00 [info] <0.230.0> Waiting for Mnesia tables for 30000 ms, 9 retries left
2023-08-01 09:21:40.224955+00:00 [info] <0.230.0> Successfully synced tables from a peer
2023-08-01 09:21:40.225416+00:00 [notice] <0.284.0> Feature flags: attempt to enable `stream_sac_coordinator_unblock_group`...
2023-08-01 09:21:40.255215+00:00 [notice] <0.284.0> Feature flags: `stream_sac_coordinator_unblock_group` enabled
2023-08-01 09:21:40.255358+00:00 [notice] <0.284.0> Feature flags: attempt to enable `restart_streams`...
2023-08-01 09:21:40.284940+00:00 [notice] <0.284.0> Feature flags: `restart_streams` enabled
2023-08-01 09:21:40.285281+00:00 [info] <0.230.0> Waiting for Mnesia tables for 30000 ms, 9 retries left
2023-08-01 09:21:40.285416+00:00 [info] <0.230.0> Successfully synced tables from a peer
2023-08-01 09:21:40.296500+00:00 [info] <0.230.0> Waiting for Mnesia tables for 30000 ms, 9 retries left
2023-08-01 09:21:40.296762+00:00 [info] <0.230.0> Successfully synced tables from a peer
2023-08-01 09:21:40.296863+00:00 [info] <0.230.0> Peer discovery backend rabbit_peer_discovery_classic_config does not support registration, skipping registration.
2023-08-01 09:21:40.296898+00:00 [info] <0.230.0> Will try to unlock with peer discovery backend rabbit_peer_discovery_classic_config
2023-08-01 09:21:40.297078+00:00 [info] <0.230.0> Running boot step tracking_metadata_store defined by app rabbit
2023-08-01 09:21:40.297184+00:00 [info] <0.486.0> Setting up a table for connection tracking on this node: tracked_connection
2023-08-01 09:21:40.297241+00:00 [info] <0.486.0> Setting up a table for per-vhost connection counting on this node: tracked_connection_per_vhost
2023-08-01 09:21:40.297340+00:00 [info] <0.486.0> Setting up a table for per-user connection counting on this node: tracked_connection_per_user
2023-08-01 09:21:40.297408+00:00 [info] <0.486.0> Setting up a table for channel tracking on this node: tracked_channel
2023-08-01 09:21:40.297461+00:00 [info] <0.486.0> Setting up a table for channel tracking on this node: tracked_channel_per_user
2023-08-01 09:21:40.297523+00:00 [info] <0.230.0> Running boot step networking_metadata_store defined by app rabbit
2023-08-01 09:21:40.297668+00:00 [info] <0.230.0> Running boot step feature_flags defined by app rabbit
2023-08-01 09:21:40.297889+00:00 [info] <0.230.0> Running boot step codec_correctness_check defined by app rabbit
2023-08-01 09:21:40.297939+00:00 [info] <0.230.0> Running boot step external_infrastructure defined by app rabbit
2023-08-01 09:21:40.297965+00:00 [info] <0.230.0> Running boot step rabbit_event defined by app rabbit
2023-08-01 09:21:40.298114+00:00 [info] <0.230.0> Running boot step rabbit_registry defined by app rabbit
2023-08-01 09:21:40.298241+00:00 [info] <0.230.0> Running boot step rabbit_auth_mechanism_amqplain defined by app rabbit
2023-08-01 09:21:40.298341+00:00 [info] <0.230.0> Running boot step rabbit_auth_mechanism_cr_demo defined by app rabbit
2023-08-01 09:21:40.298402+00:00 [info] <0.230.0> Running boot step rabbit_auth_mechanism_plain defined by app rabbit
2023-08-01 09:21:40.298447+00:00 [info] <0.230.0> Running boot step rabbit_exchange_type_direct defined by app rabbit
2023-08-01 09:21:40.298523+00:00 [info] <0.230.0> Running boot step rabbit_exchange_type_fanout defined by app rabbit
2023-08-01 09:21:40.298574+00:00 [info] <0.230.0> Running boot step rabbit_exchange_type_headers defined by app rabbit
2023-08-01 09:21:40.298702+00:00 [info] <0.230.0> Running boot step rabbit_exchange_type_topic defined by app rabbit
2023-08-01 09:21:40.298754+00:00 [info] <0.230.0> Running boot step rabbit_mirror_queue_mode_all defined by app rabbit
2023-08-01 09:21:40.298853+00:00 [info] <0.230.0> Running boot step rabbit_mirror_queue_mode_exactly defined by app rabbit
2023-08-01 09:21:40.298942+00:00 [info] <0.230.0> Running boot step rabbit_mirror_queue_mode_nodes defined by app rabbit
2023-08-01 09:21:40.299004+00:00 [info] <0.230.0> Running boot step rabbit_priority_queue defined by app rabbit
2023-08-01 09:21:40.299044+00:00 [info] <0.230.0> Priority queues enabled, real BQ is rabbit_variable_queue
2023-08-01 09:21:40.299122+00:00 [info] <0.230.0> Running boot step rabbit_queue_location_client_local defined by app rabbit
2023-08-01 09:21:40.299204+00:00 [info] <0.230.0> Running boot step rabbit_queue_location_min_masters defined by app rabbit
2023-08-01 09:21:40.299250+00:00 [info] <0.230.0> Running boot step rabbit_queue_location_random defined by app rabbit
2023-08-01 09:21:40.299309+00:00 [info] <0.230.0> Running boot step kernel_ready defined by app rabbit
2023-08-01 09:21:40.299346+00:00 [info] <0.230.0> Running boot step rabbit_sysmon_minder defined by app rabbit
2023-08-01 09:21:40.299490+00:00 [info] <0.230.0> Running boot step rabbit_epmd_monitor defined by app rabbit
2023-08-01 09:21:40.300304+00:00 [info] <0.494.0> epmd monitor knows us, inter-node communication (distribution) port: 25672
2023-08-01 09:21:40.300461+00:00 [info] <0.230.0> Running boot step guid_generator defined by app rabbit
2023-08-01 09:21:40.306152+00:00 [info] <0.230.0> Running boot step rabbit_node_monitor defined by app rabbit
2023-08-01 09:21:40.306614+00:00 [info] <0.498.0> Starting rabbit_node_monitor
2023-08-01 09:21:40.306909+00:00 [info] <0.230.0> Running boot step delegate_sup defined by app rabbit
2023-08-01 09:21:40.307638+00:00 [info] <0.230.0> Running boot step rabbit_memory_monitor defined by app rabbit
2023-08-01 09:21:40.308005+00:00 [info] <0.230.0> Running boot step rabbit_fifo_dlx_sup defined by app rabbit
2023-08-01 09:21:40.308134+00:00 [info] <0.230.0> Running boot step core_initialized defined by app rabbit
2023-08-01 09:21:40.308178+00:00 [info] <0.230.0> Running boot step rabbit_channel_tracking_handler defined by app rabbit
2023-08-01 09:21:40.308242+00:00 [info] <0.230.0> Running boot step rabbit_connection_tracking_handler defined by app rabbit
2023-08-01 09:21:40.308320+00:00 [info] <0.230.0> Running boot step rabbit_definitions_hashing defined by app rabbit
2023-08-01 09:21:40.308446+00:00 [info] <0.230.0> Running boot step rabbit_exchange_parameters defined by app rabbit
2023-08-01 09:21:40.308784+00:00 [info] <0.230.0> Running boot step rabbit_mirror_queue_misc defined by app rabbit
2023-08-01 09:21:40.309156+00:00 [info] <0.230.0> Running boot step rabbit_policies defined by app rabbit
2023-08-01 09:21:40.309477+00:00 [info] <0.230.0> Running boot step rabbit_policy defined by app rabbit
2023-08-01 09:21:40.309553+00:00 [info] <0.230.0> Running boot step rabbit_queue_location_validator defined by app rabbit
2023-08-01 09:21:40.309629+00:00 [info] <0.230.0> Running boot step rabbit_quorum_memory_manager defined by app rabbit
2023-08-01 09:21:40.309704+00:00 [info] <0.230.0> Running boot step rabbit_stream_coordinator defined by app rabbit
2023-08-01 09:21:40.309907+00:00 [info] <0.230.0> Running boot step rabbit_vhost_limit defined by app rabbit
2023-08-01 09:21:40.310047+00:00 [info] <0.230.0> Running boot step recovery defined by app rabbit
2023-08-01 09:21:40.310914+00:00 [info] <0.230.0> Running boot step empty_db_check defined by app rabbit
2023-08-01 09:21:40.310992+00:00 [info] <0.230.0> Will seed default virtual host and user...
2023-08-01 09:21:40.311076+00:00 [info] <0.230.0> Adding vhost '/' (description: 'Default virtual host', tags: [])
2023-08-01 09:21:40.314330+00:00 [info] <0.230.0> Inserted a virtual host record {vhost,<<"/">>,[],
2023-08-01 09:21:40.314330+00:00 [info] <0.230.0>                                       #{description =>
2023-08-01 09:21:40.314330+00:00 [info] <0.230.0>                                             <<"Default virtual host">>,
2023-08-01 09:21:40.314330+00:00 [info] <0.230.0>                                         tags => []}}
2023-08-01 09:21:40.335072+00:00 [info] <0.539.0> Making sure data directory '/var/lib/rabbitmq/mnesia/rabbit@04582c788bd9/msg_stores/vhosts/628WB79CIFDYO9LJI6DKMI09L' for vhost '/' exists
2023-08-01 09:21:40.336214+00:00 [info] <0.539.0> Setting segment_entry_count for vhost '/' with 0 queues to '2048'
2023-08-01 09:21:40.341521+00:00 [info] <0.539.0> Starting message stores for vhost '/'
2023-08-01 09:21:40.341918+00:00 [info] <0.549.0> Message store "628WB79CIFDYO9LJI6DKMI09L/msg_store_transient": using rabbit_msg_store_ets_index to provide index
2023-08-01 09:21:40.346997+00:00 [info] <0.539.0> Started message store of type transient for vhost '/'
2023-08-01 09:21:40.347328+00:00 [info] <0.553.0> Message store "628WB79CIFDYO9LJI6DKMI09L/msg_store_persistent": using rabbit_msg_store_ets_index to provide index
2023-08-01 09:21:40.348168+00:00 [warning] <0.553.0> Message store "628WB79CIFDYO9LJI6DKMI09L/msg_store_persistent": rebuilding indices from scratch
2023-08-01 09:21:40.350074+00:00 [info] <0.539.0> Started message store of type persistent for vhost '/'
2023-08-01 09:21:40.350261+00:00 [info] <0.539.0> Recovering 0 queues of type rabbit_classic_queue took 13ms
2023-08-01 09:21:40.350622+00:00 [info] <0.539.0> Recovering 0 queues of type rabbit_quorum_queue took 0ms
2023-08-01 09:21:40.350684+00:00 [info] <0.539.0> Recovering 0 queues of type rabbit_stream_queue took 0ms
2023-08-01 09:21:40.354759+00:00 [info] <0.230.0> Created user 'admin'
2023-08-01 09:21:40.357231+00:00 [info] <0.230.0> Successfully set user tags for user 'admin' to [administrator]
2023-08-01 09:21:40.361039+00:00 [info] <0.230.0> Successfully set permissions for user 'admin' in virtual host '/' to '.*', '.*', '.*'
2023-08-01 09:21:40.361158+00:00 [info] <0.230.0> Running boot step rabbit_observer_cli defined by app rabbit
2023-08-01 09:21:40.361331+00:00 [info] <0.230.0> Running boot step rabbit_looking_glass defined by app rabbit
2023-08-01 09:21:40.361430+00:00 [info] <0.230.0> Running boot step rabbit_core_metrics_gc defined by app rabbit
2023-08-01 09:21:40.361684+00:00 [info] <0.230.0> Running boot step background_gc defined by app rabbit
2023-08-01 09:21:40.361880+00:00 [info] <0.230.0> Running boot step routing_ready defined by app rabbit
2023-08-01 09:21:40.361949+00:00 [info] <0.230.0> Running boot step pre_flight defined by app rabbit
2023-08-01 09:21:40.361993+00:00 [info] <0.230.0> Running boot step notify_cluster defined by app rabbit
2023-08-01 09:21:40.362066+00:00 [info] <0.230.0> Running boot step networking defined by app rabbit
2023-08-01 09:21:40.362126+00:00 [info] <0.230.0> Running boot step definition_import_worker_pool defined by app rabbit
2023-08-01 09:21:40.362218+00:00 [info] <0.283.0> Starting worker pool 'definition_import_pool' with 8 processes in it
2023-08-01 09:21:40.362863+00:00 [info] <0.230.0> Running boot step cluster_name defined by app rabbit
2023-08-01 09:21:40.362956+00:00 [info] <0.230.0> Initialising internal cluster ID to 'rabbitmq-cluster-id-1Js62pv3-6ubn3sxTH2ZHg'
2023-08-01 09:21:40.365096+00:00 [info] <0.230.0> Running boot step direct_client defined by app rabbit
2023-08-01 09:21:40.365261+00:00 [info] <0.230.0> Running boot step rabbit_maintenance_mode_state defined by app rabbit
2023-08-01 09:21:40.365327+00:00 [info] <0.230.0> Creating table rabbit_node_maintenance_states for maintenance mode status
2023-08-01 09:21:40.371344+00:00 [info] <0.595.0> Resetting node maintenance status
2023-08-01 09:21:40.371584+00:00 [info] <0.595.0> Ready to start client connection listeners
2023-08-01 09:21:40.373515+00:00 [info] <0.613.0> started TCP listener on [::]:5672
2023-08-01 09:21:40.481502+00:00 [info] <0.595.0> Server startup complete; 0 plugins started.
2023-08-01 09:22:46.482696+00:00 [notice] <0.61.0> SIGTERM received - shutting down
2023-08-01 09:22:46.482696+00:00 [notice] <0.61.0> 
2023-08-01 09:22:46.483378+00:00 [info] <0.230.0> Peer discovery backend rabbit_peer_discovery_classic_config does not support registration, skipping unregistration.
2023-08-01 09:22:46.483562+00:00 [info] <0.613.0> stopped TCP listener on [::]:5672
2023-08-01 09:22:46.484900+00:00 [info] <0.614.0> Closing all connections in vhost '/' on node 'rabbit@04582c788bd9' because the vhost is stopping
2023-08-01 09:22:46.485101+00:00 [info] <0.553.0> Stopping message store for directory '/var/lib/rabbitmq/mnesia/rabbit@04582c788bd9/msg_stores/vhosts/628WB79CIFDYO9LJI6DKMI09L/msg_store_persistent'
2023-08-01 09:22:46.490310+00:00 [info] <0.553.0> Message store for directory '/var/lib/rabbitmq/mnesia/rabbit@04582c788bd9/msg_stores/vhosts/628WB79CIFDYO9LJI6DKMI09L/msg_store_persistent' is stopped
2023-08-01 09:22:46.490652+00:00 [info] <0.549.0> Stopping message store for directory '/var/lib/rabbitmq/mnesia/rabbit@04582c788bd9/msg_stores/vhosts/628WB79CIFDYO9LJI6DKMI09L/msg_store_transient'
2023-08-01 09:22:46.496274+00:00 [info] <0.549.0> Message store for directory '/var/lib/rabbitmq/mnesia/rabbit@04582c788bd9/msg_stores/vhosts/628WB79CIFDYO9LJI6DKMI09L/msg_store_transient' is stopped
